<?xml version="1.0" encoding="UTF-8"?>
<!-- Generated by org.testng.reporters.JUnitXMLReporter -->
<testsuite ignored="0" hostname="DESKTOP-4G6V73A" failures="1" tests="9" name="Test" time="13.369" errors="0" timestamp="2023-07-27T08:27:15 IST">
  <testcase classname="com.TestLayer.LoginPageTest" name="validateLoginFunctionality" time="1.035"/>
  <testcase classname="com.TestLayer.HomePageTest" name="validateHomePageLog" time="0.038"/>
  <testcase classname="com.TestLayer.HomePageTest" name="validateHomePageTitle" time="0.013">
    <skipped/>
  </testcase> <!-- validateHomePageTitle -->
  <testcase classname="com.TestLayer.HomePageTest" name="validateHomePageTitle" time="0.011">
    <skipped/>
  </testcase> <!-- validateHomePageTitle -->
  <testcase classname="com.TestLayer.HomePageTest" name="validateHomePageTitle" time="0.021">
    <skipped/>
  </testcase> <!-- validateHomePageTitle -->
  <testcase classname="com.TestLayer.HomePageTest" name="validateHomePageTitle" time="0.016">
    <skipped/>
  </testcase> <!-- validateHomePageTitle -->
  <testcase classname="com.TestLayer.HomePageTest" name="validateHomePageTitle" time="0.011">
    <skipped/>
  </testcase> <!-- validateHomePageTitle -->
  <testcase classname="com.TestLayer.HomePageTest" name="validateHomePageTitle" time="0.008">
    <failure type="java.lang.AssertionError" message="expected [OFacebookM] but found [OrangeHRM]">
      <![CDATA[java.lang.AssertionError: expected [OFacebookM] but found [OrangeHRM]
at com.TestLayer.HomePageTest.validateHomePageTitle(HomePageTest.java:21)
at java.base/java.util.ArrayList.forEach(ArrayList.java:1511)
... Removed 33 stack frames]]>
    </failure>
  </testcase> <!-- validateHomePageTitle -->
  <testcase classname="com.TestLayer.HomePageTest" name="validateHomePage" time="0.012"/>
</testsuite> <!-- Test -->
